<?xml version="1.0" encoding="UTF-8"?>
<!-- Generated by org.testng.reporters.JUnitXMLReporter -->
<testsuite ignored="0" hostname="Mac.home" failures="1" tests="1" name="Surefire test" time="16.424" errors="0" timestamp="2025-11-02T04:23:47 TRT">
  <testcase classname="tests.FindProductTest" name="cimriCheapestSiteAddToCart" time="8.965">
    <failure type="org.openqa.selenium.ElementClickInterceptedException" message="element click intercepted: Element &amp;lt;div class=&amp;quot;C3KlU&amp;quot;&amp;gt;...&amp;lt;/div&amp;gt; is not clickable at point (902, 91). Other element would receive the click: &amp;lt;input type=&amp;quot;text&amp;quot; id=&amp;quot;search-input&amp;quot; autocomplete=&amp;quot;off&amp;quot; autocapitalize=&amp;quot;off&amp;quot; autocorrect=&amp;quot;off&amp;quot; name=&amp;quot;q&amp;quot; placeholder=&amp;quot;Neyi en ucuza almak istersin?&amp;quot; maxlength=&amp;quot;100&amp;quot; class=&amp;quot;trIzu&amp;quot;&amp;gt;
  (Session info: chrome=141.0.7390.123)
Build info: version: &amp;apos;4.38.0&amp;apos;, revision: &amp;apos;6b412e825c*&amp;apos;
System info: os.name: &amp;apos;Mac OS X&amp;apos;, os.arch: &amp;apos;aarch64&amp;apos;, os.version: &amp;apos;26.0&amp;apos;, java.version: &amp;apos;17.0.2&amp;apos;
Driver info: org.openqa.selenium.chrome.ChromeDriver
Command: [bc0dfc47f609308bbcb902cd357931a1, clickElement {id=f.E42C1D22ED199B5612F43C680A3D0851.d.124E77082D71C47CE05DCF1C5676FED4.e.22}]
Capabilities {acceptInsecureCerts: false, browserName: chrome, browserVersion: 141.0.7390.123, chrome: {chromedriverVersion: 141.0.7390.122 (b477534e7e1..., userDataDir: /var/folders/28/y5vm4j610qn...}, fedcm:accounts: true, goog:chromeOptions: {debuggerAddress: localhost:60065}, networkConnectionEnabled: false, pageLoadStrategy: normal, platformName: mac, proxy: Proxy(), se:cdp: ws://localhost:60065/devtoo..., se:cdpVersion: 141.0.7390.123, setWindowRect: true, strictFileInteractability: false, timeouts: {implicit: 0, pageLoad: 300000, script: 30000}, unhandledPromptBehavior: dismiss and notify, webauthn:extension:credBlob: true, webauthn:extension:largeBlob: true, webauthn:extension:minPinLength: true, webauthn:extension:prf: true, webauthn:virtualAuthenticators: true}
Element: [[ChromeDriver: chrome on mac (bc0dfc47f609308bbcb902cd357931a1)] -&amp;gt; class name: C3KlU]
Session ID: bc0dfc47f609308bbcb902cd357931a1">
      <![CDATA[org.openqa.selenium.ElementClickInterceptedException: element click intercepted: Element <div class="C3KlU">...</div> is not clickable at point (902, 91). Other element would receive the click: <input type="text" id="search-input" autocomplete="off" autocapitalize="off" autocorrect="off" name="q" placeholder="Neyi en ucuza almak istersin?" maxlength="100" class="trIzu">
  (Session info: chrome=141.0.7390.123)
Build info: version: '4.38.0', revision: '6b412e825c*'
System info: os.name: 'Mac OS X', os.arch: 'aarch64', os.version: '26.0', java.version: '17.0.2'
Driver info: org.openqa.selenium.chrome.ChromeDriver
Command: [bc0dfc47f609308bbcb902cd357931a1, clickElement {id=f.E42C1D22ED199B5612F43C680A3D0851.d.124E77082D71C47CE05DCF1C5676FED4.e.22}]
Capabilities {acceptInsecureCerts: false, browserName: chrome, browserVersion: 141.0.7390.123, chrome: {chromedriverVersion: 141.0.7390.122 (b477534e7e1..., userDataDir: /var/folders/28/y5vm4j610qn...}, fedcm:accounts: true, goog:chromeOptions: {debuggerAddress: localhost:60065}, networkConnectionEnabled: false, pageLoadStrategy: normal, platformName: mac, proxy: Proxy(), se:cdp: ws://localhost:60065/devtoo..., se:cdpVersion: 141.0.7390.123, setWindowRect: true, strictFileInteractability: false, timeouts: {implicit: 0, pageLoad: 300000, script: 30000}, unhandledPromptBehavior: dismiss and notify, webauthn:extension:credBlob: true, webauthn:extension:largeBlob: true, webauthn:extension:minPinLength: true, webauthn:extension:prf: true, webauthn:virtualAuthenticators: true}
Element: [[ChromeDriver: chrome on mac (bc0dfc47f609308bbcb902cd357931a1)] -> class name: C3KlU]
Session ID: bc0dfc47f609308bbcb902cd357931a1
at org.openqa.selenium.remote.ErrorCodec.decode(ErrorCodec.java:167)
at org.openqa.selenium.remote.codec.w3c.W3CHttpResponseCodec.decode(W3CHttpResponseCodec.java:138)
at org.openqa.selenium.remote.codec.w3c.W3CHttpResponseCodec.decode(W3CHttpResponseCodec.java:50)
at org.openqa.selenium.remote.HttpCommandExecutor.execute(HttpCommandExecutor.java:215)
at org.openqa.selenium.remote.service.DriverCommandExecutor.invokeExecute(DriverCommandExecutor.java:216)
at org.openqa.selenium.remote.service.DriverCommandExecutor.execute(DriverCommandExecutor.java:174)
at org.openqa.selenium.remote.RemoteWebDriver.execute(RemoteWebDriver.java:557)
at org.openqa.selenium.remote.RemoteWebElement.execute(RemoteWebElement.java:223)
at org.openqa.selenium.remote.RemoteWebElement.click(RemoteWebElement.java:76)
at pages.cimri.CimriSearchPage.search(CimriSearchPage.java:35)
at tests.FindProductTest.cimriCheapestSiteAddToCart(FindProductTest.java:59)
at java.base/java.util.ArrayList.forEach(ArrayList.java:1511)
... Removed 37 stack frames]]>
    </failure>
  </testcase> <!-- cimriCheapestSiteAddToCart -->
</testsuite> <!-- Surefire test -->
